android/app/build/intermediates/manifest_merge_blame_file/debug/manifest-merger-blame-debug-report.txt
1<?xml version="1.0" encoding="utf-8"?>
2<manifest xmlns:android="http://schemas.android.com/apk/res/android"
3    package="com.projectmobile"
4    android:versionCode="1"
5    android:versionName="1.0" >
6
7    <uses-sdk
8        android:minSdkVersion="21"
9        android:targetSdkVersion="31" />
10
11    <uses-permission android:name="android.permission.SYSTEM_ALERT_WINDOW" />
11-->src/debug/AndroidManifest.xml:5:5-77
11-->src/debug/AndroidManifest.xml:5:22-75
12    <uses-permission android:name="android.permission.INTERNET" />
12-->src/main/AndroidManifest.xml:4:5-67
12-->src/main/AndroidManifest.xml:4:22-64
13    <uses-permission android:name="android.permission.ACCESS_WIFI_STATE" />
13-->[com.facebook.flipper:flipper:0.99.0] AndroidManifest.xml:16:5-76
13-->[com.facebook.flipper:flipper:0.99.0] AndroidManifest.xml:16:22-73
14    <uses-permission android:name="android.permission.WAKE_LOCK" />
14-->[androidx.work:work-runtime:2.7.1] AndroidManifest.xml:25:5-68
14-->[androidx.work:work-runtime:2.7.1] AndroidManifest.xml:25:22-65
15    <uses-permission android:name="android.permission.ACCESS_NETWORK_STATE" />
15-->[androidx.work:work-runtime:2.7.1] AndroidManifest.xml:26:5-79
15-->[androidx.work:work-runtime:2.7.1] AndroidManifest.xml:26:22-76
16    <uses-permission android:name="android.permission.RECEIVE_BOOT_COMPLETED" />
16-->[androidx.work:work-runtime:2.7.1] AndroidManifest.xml:27:5-81
16-->[androidx.work:work-runtime:2.7.1] AndroidManifest.xml:27:22-78
17    <uses-permission android:name="android.permission.FOREGROUND_SERVICE" />
17-->[androidx.work:work-runtime:2.7.1] AndroidManifest.xml:28:5-77
17-->[androidx.work:work-runtime:2.7.1] AndroidManifest.xml:28:22-74
18    <uses-permission android:name="android.permission.VIBRATE" />
18-->[app.notifee:core:202108261754] AndroidManifest.xml:12:5-66
18-->[app.notifee:core:202108261754] AndroidManifest.xml:12:22-63
19    <uses-permission android:name="android.permission.USE_FULL_SCREEN_INTENT" />
19-->[app.notifee:core:202108261754] AndroidManifest.xml:15:5-81
19-->[app.notifee:core:202108261754] AndroidManifest.xml:15:22-78
20    <uses-permission android:name="android.permission.SCHEDULE_EXACT_ALARM" />
20-->[app.notifee:core:202108261754] AndroidManifest.xml:16:5-79
20-->[app.notifee:core:202108261754] AndroidManifest.xml:16:22-76
21    <uses-permission
21-->[app.notifee:core:202108261754] AndroidManifest.xml:17:5-19:38
22        android:name="android.permission.BROADCAST_CLOSE_SYSTEM_DIALOGS"
22-->[app.notifee:core:202108261754] AndroidManifest.xml:18:9-73
23        android:maxSdkVersion="30" />
23-->[app.notifee:core:202108261754] AndroidManifest.xml:19:9-35
24
25    <application
25-->src/main/AndroidManifest.xml:6:5-25:19
26        android:name="com.projectmobile.MainApplication"
26-->src/main/AndroidManifest.xml:7:7-38
27        android:allowBackup="false"
27-->src/main/AndroidManifest.xml:11:7-34
28        android:appComponentFactory="androidx.core.app.CoreComponentFactory"
28-->[androidx.core:core:1.6.0] AndroidManifest.xml:24:18-86
29        android:debuggable="true"
30        android:icon="@mipmap/ic_launcher"
30-->src/main/AndroidManifest.xml:9:7-41
31        android:label="@string/app_name"
31-->src/main/AndroidManifest.xml:8:7-39
32        android:roundIcon="@mipmap/ic_launcher_round"
32-->src/main/AndroidManifest.xml:10:7-52
33        android:theme="@style/AppTheme"
33-->src/main/AndroidManifest.xml:12:7-38
34        android:usesCleartextTraffic="true" >
34-->src/debug/AndroidManifest.xml:8:9-44
35        <activity android:name="com.facebook.react.devsupport.DevSettingsActivity" />
35-->src/debug/AndroidManifest.xml:11:9-86
35-->src/debug/AndroidManifest.xml:11:19-83
36        <activity
36-->src/main/AndroidManifest.xml:13:7-24:18
37            android:name="com.projectmobile.MainActivity"
37-->src/main/AndroidManifest.xml:14:9-37
38            android:configChanges="keyboard|keyboardHidden|orientation|screenSize|uiMode"
38-->src/main/AndroidManifest.xml:17:9-86
39            android:exported="true"
39-->src/main/AndroidManifest.xml:15:9-32
40            android:label="@string/app_name"
40-->src/main/AndroidManifest.xml:16:9-41
41            android:launchMode="singleTask"
41-->src/main/AndroidManifest.xml:18:9-40
42            android:windowSoftInputMode="adjustResize" >
42-->src/main/AndroidManifest.xml:19:9-51
43            <intent-filter>
43-->src/main/AndroidManifest.xml:20:9-23:25
44                <action android:name="android.intent.action.MAIN" />
44-->src/main/AndroidManifest.xml:21:13-65
44-->src/main/AndroidManifest.xml:21:21-62
45
46                <category android:name="android.intent.category.LAUNCHER" />
46-->src/main/AndroidManifest.xml:22:13-73
46-->src/main/AndroidManifest.xml:22:23-70
47            </intent-filter>
48        </activity>
49
50        <provider
50-->[:notifee_react-native] AndroidManifest.xml:10:9-14:40
51            android:name="io.invertase.notifee.NotifeeInitProvider"
51-->[:notifee_react-native] AndroidManifest.xml:11:13-68
52            android:authorities="com.projectmobile.notifee-init-provider"
52-->[:notifee_react-native] AndroidManifest.xml:12:13-73
53            android:exported="false"
53-->[:notifee_react-native] AndroidManifest.xml:13:13-37
54            android:initOrder="-100" />
54-->[:notifee_react-native] AndroidManifest.xml:14:13-37
55        <provider
55-->[androidx.work:work-runtime:2.7.1] AndroidManifest.xml:31:9-39:20
56            android:name="androidx.startup.InitializationProvider"
56-->[androidx.work:work-runtime:2.7.1] AndroidManifest.xml:32:13-67
57            android:authorities="com.projectmobile.androidx-startup"
57-->[androidx.work:work-runtime:2.7.1] AndroidManifest.xml:33:13-68
58            android:exported="false" >
58-->[androidx.work:work-runtime:2.7.1] AndroidManifest.xml:34:13-37
59            <meta-data
59-->[androidx.work:work-runtime:2.7.1] AndroidManifest.xml:36:13-38:52
60                android:name="androidx.work.WorkManagerInitializer"
60-->[androidx.work:work-runtime:2.7.1] AndroidManifest.xml:37:17-68
61                android:value="androidx.startup" />
61-->[androidx.work:work-runtime:2.7.1] AndroidManifest.xml:38:17-49
62        </provider>
63
64        <service
64-->[androidx.work:work-runtime:2.7.1] AndroidManifest.xml:41:9-46:35
65            android:name="androidx.work.impl.background.systemalarm.SystemAlarmService"
65-->[androidx.work:work-runtime:2.7.1] AndroidManifest.xml:42:13-88
66            android:directBootAware="false"
66-->[androidx.work:work-runtime:2.7.1] AndroidManifest.xml:43:13-44
67            android:enabled="@bool/enable_system_alarm_service_default"
67-->[androidx.work:work-runtime:2.7.1] AndroidManifest.xml:44:13-72
68            android:exported="false" />
68-->[androidx.work:work-runtime:2.7.1] AndroidManifest.xml:45:13-37
69        <service
69-->[androidx.work:work-runtime:2.7.1] AndroidManifest.xml:47:9-53:35
70            android:name="androidx.work.impl.background.systemjob.SystemJobService"
70-->[androidx.work:work-runtime:2.7.1] AndroidManifest.xml:48:13-84
71            android:directBootAware="false"
71-->[androidx.work:work-runtime:2.7.1] AndroidManifest.xml:49:13-44
72            android:enabled="@bool/enable_system_job_service_default"
72-->[androidx.work:work-runtime:2.7.1] AndroidManifest.xml:50:13-70
73            android:exported="true"
73-->[androidx.work:work-runtime:2.7.1] AndroidManifest.xml:51:13-36
74            android:permission="android.permission.BIND_JOB_SERVICE" />
74-->[androidx.work:work-runtime:2.7.1] AndroidManifest.xml:52:13-69
75        <service
75-->[androidx.work:work-runtime:2.7.1] AndroidManifest.xml:54:9-59:35
76            android:name="androidx.work.impl.foreground.SystemForegroundService"
76-->[androidx.work:work-runtime:2.7.1] AndroidManifest.xml:55:13-81
77            android:directBootAware="false"
77-->[androidx.work:work-runtime:2.7.1] AndroidManifest.xml:56:13-44
78            android:enabled="@bool/enable_system_foreground_service_default"
78-->[androidx.work:work-runtime:2.7.1] AndroidManifest.xml:57:13-77
79            android:exported="false" />
79-->[androidx.work:work-runtime:2.7.1] AndroidManifest.xml:58:13-37
80
81        <receiver
81-->[androidx.work:work-runtime:2.7.1] AndroidManifest.xml:61:9-66:35
82            android:name="androidx.work.impl.utils.ForceStopRunnable$BroadcastReceiver"
82-->[androidx.work:work-runtime:2.7.1] AndroidManifest.xml:62:13-88
83            android:directBootAware="false"
83-->[androidx.work:work-runtime:2.7.1] AndroidManifest.xml:63:13-44
84            android:enabled="true"
84-->[androidx.work:work-runtime:2.7.1] AndroidManifest.xml:64:13-35
85            android:exported="false" />
85-->[androidx.work:work-runtime:2.7.1] AndroidManifest.xml:65:13-37
86        <receiver
86-->[androidx.work:work-runtime:2.7.1] AndroidManifest.xml:67:9-77:20
87            android:name="androidx.work.impl.background.systemalarm.ConstraintProxy$BatteryChargingProxy"
87-->[androidx.work:work-runtime:2.7.1] AndroidManifest.xml:68:13-106
88            android:directBootAware="false"
88-->[androidx.work:work-runtime:2.7.1] AndroidManifest.xml:69:13-44
89            android:enabled="false"
89-->[androidx.work:work-runtime:2.7.1] AndroidManifest.xml:70:13-36
90            android:exported="false" >
90-->[androidx.work:work-runtime:2.7.1] AndroidManifest.xml:71:13-37
91            <intent-filter>
91-->[androidx.work:work-runtime:2.7.1] AndroidManifest.xml:73:13-76:29
92                <action android:name="android.intent.action.ACTION_POWER_CONNECTED" />
92-->[androidx.work:work-runtime:2.7.1] AndroidManifest.xml:74:17-87
92-->[androidx.work:work-runtime:2.7.1] AndroidManifest.xml:74:25-84
93                <action android:name="android.intent.action.ACTION_POWER_DISCONNECTED" />
93-->[androidx.work:work-runtime:2.7.1] AndroidManifest.xml:75:17-90
93-->[androidx.work:work-runtime:2.7.1] AndroidManifest.xml:75:25-87
94            </intent-filter>
95        </receiver>
96        <receiver
96-->[androidx.work:work-runtime:2.7.1] AndroidManifest.xml:78:9-88:20
97            android:name="androidx.work.impl.background.systemalarm.ConstraintProxy$BatteryNotLowProxy"
97-->[androidx.work:work-runtime:2.7.1] AndroidManifest.xml:79:13-104
98            android:directBootAware="false"
98-->[androidx.work:work-runtime:2.7.1] AndroidManifest.xml:80:13-44
99            android:enabled="false"
99-->[androidx.work:work-runtime:2.7.1] AndroidManifest.xml:81:13-36
100            android:exported="false" >
100-->[androidx.work:work-runtime:2.7.1] AndroidManifest.xml:82:13-37
101            <intent-filter>
101-->[androidx.work:work-runtime:2.7.1] AndroidManifest.xml:84:13-87:29
102                <action android:name="android.intent.action.BATTERY_OKAY" />
102-->[androidx.work:work-runtime:2.7.1] AndroidManifest.xml:85:17-77
102-->[androidx.work:work-runtime:2.7.1] AndroidManifest.xml:85:25-74
103                <action android:name="android.intent.action.BATTERY_LOW" />
103-->[androidx.work:work-runtime:2.7.1] AndroidManifest.xml:86:17-76
103-->[androidx.work:work-runtime:2.7.1] AndroidManifest.xml:86:25-73
104            </intent-filter>
105        </receiver>
106        <receiver
106-->[androidx.work:work-runtime:2.7.1] AndroidManifest.xml:89:9-99:20
107            android:name="androidx.work.impl.background.systemalarm.ConstraintProxy$StorageNotLowProxy"
107-->[androidx.work:work-runtime:2.7.1] AndroidManifest.xml:90:13-104
108            android:directBootAware="false"
108-->[androidx.work:work-runtime:2.7.1] AndroidManifest.xml:91:13-44
109            android:enabled="false"
109-->[androidx.work:work-runtime:2.7.1] AndroidManifest.xml:92:13-36
110            android:exported="false" >
110-->[androidx.work:work-runtime:2.7.1] AndroidManifest.xml:93:13-37
111            <intent-filter>
111-->[androidx.work:work-runtime:2.7.1] AndroidManifest.xml:95:13-98:29
112                <action android:name="android.intent.action.DEVICE_STORAGE_LOW" />
112-->[androidx.work:work-runtime:2.7.1] AndroidManifest.xml:96:17-83
112-->[androidx.work:work-runtime:2.7.1] AndroidManifest.xml:96:25-80
113                <action android:name="android.intent.action.DEVICE_STORAGE_OK" />
113-->[androidx.work:work-runtime:2.7.1] AndroidManifest.xml:97:17-82
113-->[androidx.work:work-runtime:2.7.1] AndroidManifest.xml:97:25-79
114            </intent-filter>
115        </receiver>
116        <receiver
116-->[androidx.work:work-runtime:2.7.1] AndroidManifest.xml:100:9-109:20
117            android:name="androidx.work.impl.background.systemalarm.ConstraintProxy$NetworkStateProxy"
117-->[androidx.work:work-runtime:2.7.1] AndroidManifest.xml:101:13-103
118            android:directBootAware="false"
118-->[androidx.work:work-runtime:2.7.1] AndroidManifest.xml:102:13-44
119            android:enabled="false"
119-->[androidx.work:work-runtime:2.7.1] AndroidManifest.xml:103:13-36
120            android:exported="false" >
120-->[androidx.work:work-runtime:2.7.1] AndroidManifest.xml:104:13-37
121            <intent-filter>
121-->[androidx.work:work-runtime:2.7.1] AndroidManifest.xml:106:13-108:29
122                <action android:name="android.net.conn.CONNECTIVITY_CHANGE" />
122-->[androidx.work:work-runtime:2.7.1] AndroidManifest.xml:107:17-79
122-->[androidx.work:work-runtime:2.7.1] AndroidManifest.xml:107:25-76
123            </intent-filter>
124        </receiver>
125        <receiver
125-->[androidx.work:work-runtime:2.7.1] AndroidManifest.xml:110:9-121:20
126            android:name="androidx.work.impl.background.systemalarm.RescheduleReceiver"
126-->[androidx.work:work-runtime:2.7.1] AndroidManifest.xml:111:13-88
127            android:directBootAware="false"
127-->[androidx.work:work-runtime:2.7.1] AndroidManifest.xml:112:13-44
128            android:enabled="false"
128-->[androidx.work:work-runtime:2.7.1] AndroidManifest.xml:113:13-36
129            android:exported="false" >
129-->[androidx.work:work-runtime:2.7.1] AndroidManifest.xml:114:13-37
130            <intent-filter>
130-->[androidx.work:work-runtime:2.7.1] AndroidManifest.xml:116:13-120:29
131                <action android:name="android.intent.action.BOOT_COMPLETED" />
131-->[androidx.work:work-runtime:2.7.1] AndroidManifest.xml:117:17-79
131-->[androidx.work:work-runtime:2.7.1] AndroidManifest.xml:117:25-76
132                <action android:name="android.intent.action.TIME_SET" />
132-->[androidx.work:work-runtime:2.7.1] AndroidManifest.xml:118:17-73
132-->[androidx.work:work-runtime:2.7.1] AndroidManifest.xml:118:25-70
133                <action android:name="android.intent.action.TIMEZONE_CHANGED" />
133-->[androidx.work:work-runtime:2.7.1] AndroidManifest.xml:119:17-81
133-->[androidx.work:work-runtime:2.7.1] AndroidManifest.xml:119:25-78
134            </intent-filter>
135        </receiver>
136        <receiver
136-->[androidx.work:work-runtime:2.7.1] AndroidManifest.xml:122:9-131:20
137            android:name="androidx.work.impl.background.systemalarm.ConstraintProxyUpdateReceiver"
137-->[androidx.work:work-runtime:2.7.1] AndroidManifest.xml:123:13-99
138            android:directBootAware="false"
138-->[androidx.work:work-runtime:2.7.1] AndroidManifest.xml:124:13-44
139            android:enabled="@bool/enable_system_alarm_service_default"
139-->[androidx.work:work-runtime:2.7.1] AndroidManifest.xml:125:13-72
140            android:exported="false" >
140-->[androidx.work:work-runtime:2.7.1] AndroidManifest.xml:126:13-37
141            <intent-filter>
141-->[androidx.work:work-runtime:2.7.1] AndroidManifest.xml:128:13-130:29
142                <action android:name="androidx.work.impl.background.systemalarm.UpdateProxies" />
142-->[androidx.work:work-runtime:2.7.1] AndroidManifest.xml:129:17-98
142-->[androidx.work:work-runtime:2.7.1] AndroidManifest.xml:129:25-95
143            </intent-filter>
144        </receiver>
145        <receiver
145-->[androidx.work:work-runtime:2.7.1] AndroidManifest.xml:132:9-142:20
146            android:name="androidx.work.impl.diagnostics.DiagnosticsReceiver"
146-->[androidx.work:work-runtime:2.7.1] AndroidManifest.xml:133:13-78
147            android:directBootAware="false"
147-->[androidx.work:work-runtime:2.7.1] AndroidManifest.xml:134:13-44
148            android:enabled="true"
148-->[androidx.work:work-runtime:2.7.1] AndroidManifest.xml:135:13-35
149            android:exported="true"
149-->[androidx.work:work-runtime:2.7.1] AndroidManifest.xml:136:13-36
150            android:permission="android.permission.DUMP" >
150-->[androidx.work:work-runtime:2.7.1] AndroidManifest.xml:137:13-57
151            <intent-filter>
151-->[androidx.work:work-runtime:2.7.1] AndroidManifest.xml:139:13-141:29
152                <action android:name="androidx.work.diagnostics.REQUEST_DIAGNOSTICS" />
152-->[androidx.work:work-runtime:2.7.1] AndroidManifest.xml:140:17-88
152-->[androidx.work:work-runtime:2.7.1] AndroidManifest.xml:140:25-85
153            </intent-filter>
154        </receiver>
155
156        <service
156-->[androidx.room:room-runtime:2.2.5] AndroidManifest.xml:25:9-28:40
157            android:name="androidx.room.MultiInstanceInvalidationService"
157-->[androidx.room:room-runtime:2.2.5] AndroidManifest.xml:26:13-74
158            android:directBootAware="true"
158-->[androidx.room:room-runtime:2.2.5] AndroidManifest.xml:27:13-43
159            android:exported="false" />
159-->[androidx.room:room-runtime:2.2.5] AndroidManifest.xml:28:13-37
160
161        <meta-data
161-->[com.google.android.gms:play-services-basement:18.0.0] AndroidManifest.xml:21:9-23:69
162            android:name="com.google.android.gms.version"
162-->[com.google.android.gms:play-services-basement:18.0.0] AndroidManifest.xml:22:13-58
163            android:value="@integer/google_play_services_version" /> <!-- Receiver Service -->
163-->[com.google.android.gms:play-services-basement:18.0.0] AndroidManifest.xml:23:13-66
164        <service
164-->[app.notifee:core:202108261754] AndroidManifest.xml:24:9-26:40
165            android:name="app.notifee.core.ReceiverService"
165-->[app.notifee:core:202108261754] AndroidManifest.xml:25:13-60
166            android:exported="false" />
166-->[app.notifee:core:202108261754] AndroidManifest.xml:26:13-37
167
168        <activity
168-->[app.notifee:core:202108261754] AndroidManifest.xml:28:9-34:75
169            android:name="app.notifee.core.NotificationReceiverActivity"
169-->[app.notifee:core:202108261754] AndroidManifest.xml:29:13-73
170            android:excludeFromRecents="true"
170-->[app.notifee:core:202108261754] AndroidManifest.xml:30:13-46
171            android:exported="true"
171-->[app.notifee:core:202108261754] AndroidManifest.xml:31:13-36
172            android:noHistory="true"
172-->[app.notifee:core:202108261754] AndroidManifest.xml:32:13-37
173            android:taskAffinity=""
173-->[app.notifee:core:202108261754] AndroidManifest.xml:33:13-36
174            android:theme="@android:style/Theme.Translucent.NoTitleBar" /> <!-- Foreground Service -->
174-->[app.notifee:core:202108261754] AndroidManifest.xml:34:13-72
175        <service
175-->[app.notifee:core:202108261754] AndroidManifest.xml:37:9-39:40
176            android:name="app.notifee.core.ForegroundService"
176-->[app.notifee:core:202108261754] AndroidManifest.xml:38:13-62
177            android:exported="false" />
177-->[app.notifee:core:202108261754] AndroidManifest.xml:39:13-37
178
179        <receiver
179-->[app.notifee:core:202108261754] AndroidManifest.xml:41:9-49:20
180            android:name="app.notifee.core.RebootBroadcastReceiver"
180-->[app.notifee:core:202108261754] AndroidManifest.xml:42:13-68
181            android:exported="false" >
181-->[app.notifee:core:202108261754] AndroidManifest.xml:43:13-37
182            <intent-filter>
182-->[app.notifee:core:202108261754] AndroidManifest.xml:44:13-48:29
183                <action android:name="android.intent.action.BOOT_COMPLETED" />
183-->[androidx.work:work-runtime:2.7.1] AndroidManifest.xml:117:17-79
183-->[androidx.work:work-runtime:2.7.1] AndroidManifest.xml:117:25-76
184                <action android:name="android.intent.action.QUICKBOOT_POWERON" />
184-->[app.notifee:core:202108261754] AndroidManifest.xml:46:17-82
184-->[app.notifee:core:202108261754] AndroidManifest.xml:46:25-79
185                <action android:name="com.htc.intent.action.QUICKBOOT_POWERON" />
185-->[app.notifee:core:202108261754] AndroidManifest.xml:47:17-82
185-->[app.notifee:core:202108261754] AndroidManifest.xml:47:25-79
186            </intent-filter>
187        </receiver>
188        <receiver
188-->[app.notifee:core:202108261754] AndroidManifest.xml:50:9-58:20
189            android:name="app.notifee.core.NotificationAlarmReceiver"
189-->[app.notifee:core:202108261754] AndroidManifest.xml:51:13-70
190            android:exported="false" >
190-->[app.notifee:core:202108261754] AndroidManifest.xml:52:13-37
191            <intent-filter>
191-->[app.notifee:core:202108261754] AndroidManifest.xml:44:13-48:29
192                <action android:name="android.intent.action.BOOT_COMPLETED" />
192-->[androidx.work:work-runtime:2.7.1] AndroidManifest.xml:117:17-79
192-->[androidx.work:work-runtime:2.7.1] AndroidManifest.xml:117:25-76
193                <action android:name="android.intent.action.QUICKBOOT_POWERON" />
193-->[app.notifee:core:202108261754] AndroidManifest.xml:46:17-82
193-->[app.notifee:core:202108261754] AndroidManifest.xml:46:25-79
194                <action android:name="com.htc.intent.action.QUICKBOOT_POWERON" />
194-->[app.notifee:core:202108261754] AndroidManifest.xml:47:17-82
194-->[app.notifee:core:202108261754] AndroidManifest.xml:47:25-79
195            </intent-filter>
196        </receiver> <!-- Broadcast Receiver -->
197        <receiver
197-->[app.notifee:core:202108261754] AndroidManifest.xml:61:9-69:20
198            android:name="app.notifee.core.BlockStateBroadcastReceiver"
198-->[app.notifee:core:202108261754] AndroidManifest.xml:62:13-72
199            android:exported="false" >
199-->[app.notifee:core:202108261754] AndroidManifest.xml:63:13-37
200            <intent-filter>
200-->[app.notifee:core:202108261754] AndroidManifest.xml:64:13-68:29
201                <action android:name="android.app.action.APP_BLOCK_STATE_CHANGED" />
201-->[app.notifee:core:202108261754] AndroidManifest.xml:65:17-85
201-->[app.notifee:core:202108261754] AndroidManifest.xml:65:25-82
202                <action android:name="android.app.action.NOTIFICATION_CHANNEL_BLOCK_STATE_CHANGED" />
202-->[app.notifee:core:202108261754] AndroidManifest.xml:66:17-102
202-->[app.notifee:core:202108261754] AndroidManifest.xml:66:25-99
203                <action android:name="android.app.action.NOTIFICATION_CHANNEL_GROUP_BLOCK_STATE_CHANGED" />
203-->[app.notifee:core:202108261754] AndroidManifest.xml:67:17-108
203-->[app.notifee:core:202108261754] AndroidManifest.xml:67:25-105
204            </intent-filter>
205        </receiver>
206    </application>
207
208</manifest>